Vivado Simulator 2019.1
Copyright 1986-1999, 2001-2019 Xilinx, Inc. All Rights Reserved.
Running: C:/Xilinx/Vivado/2019.1/bin/unwrapped/win64.o/xelab.exe -wto 3bf5385697b9431e8a3c2c793601e2cf --incr --debug typical --relax --mt 2 -L xil_defaultlib -L unisims_ver -L unimacro_ver -L secureip --snapshot systemtest_behav xil_defaultlib.systemtest xil_defaultlib.glbl -log elaborate.log 
Using 2 slave threads.
Starting static elaboration
WARNING: [VRFC 10-3091] actual bit length 32 differs from formal bit length 1 for port 'wreg' [C:/Users/behza/Desktop/cmpen331/Lab5/Lab5/Lab5.srcs/sources_1/new/system.v:49]
WARNING: [VRFC 10-3091] actual bit length 32 differs from formal bit length 1 for port 'm2reg' [C:/Users/behza/Desktop/cmpen331/Lab5/Lab5/Lab5.srcs/sources_1/new/system.v:50]
WARNING: [VRFC 10-3091] actual bit length 32 differs from formal bit length 1 for port 'wmem' [C:/Users/behza/Desktop/cmpen331/Lab5/Lab5/Lab5.srcs/sources_1/new/system.v:51]
WARNING: [VRFC 10-3091] actual bit length 32 differs from formal bit length 4 for port 'aluc' [C:/Users/behza/Desktop/cmpen331/Lab5/Lab5/Lab5.srcs/sources_1/new/system.v:52]
WARNING: [VRFC 10-3091] actual bit length 32 differs from formal bit length 1 for port 'aluimm' [C:/Users/behza/Desktop/cmpen331/Lab5/Lab5/Lab5.srcs/sources_1/new/system.v:53]
WARNING: [VRFC 10-3091] actual bit length 32 differs from formal bit length 1 for port 'regrt' [C:/Users/behza/Desktop/cmpen331/Lab5/Lab5/Lab5.srcs/sources_1/new/system.v:54]
WARNING: [VRFC 10-3091] actual bit length 32 differs from formal bit length 1 for port 'regrt' [C:/Users/behza/Desktop/cmpen331/Lab5/Lab5/Lab5.srcs/sources_1/new/system.v:58]
WARNING: [VRFC 10-3091] actual bit length 32 differs from formal bit length 5 for port 'muxout' [C:/Users/behza/Desktop/cmpen331/Lab5/Lab5/Lab5.srcs/sources_1/new/system.v:60]
WARNING: [VRFC 10-3091] actual bit length 32 differs from formal bit length 5 for port 'wn' [C:/Users/behza/Desktop/cmpen331/Lab5/Lab5/Lab5.srcs/sources_1/new/system.v:67]
WARNING: [VRFC 10-3091] actual bit length 32 differs from formal bit length 1 for port 'we' [C:/Users/behza/Desktop/cmpen331/Lab5/Lab5/Lab5.srcs/sources_1/new/system.v:68]
WARNING: [VRFC 10-3091] actual bit length 32 differs from formal bit length 1 for port 'wregin' [C:/Users/behza/Desktop/cmpen331/Lab5/Lab5/Lab5.srcs/sources_1/new/system.v:80]
WARNING: [VRFC 10-3091] actual bit length 32 differs from formal bit length 1 for port 'm2regin' [C:/Users/behza/Desktop/cmpen331/Lab5/Lab5/Lab5.srcs/sources_1/new/system.v:81]
WARNING: [VRFC 10-3091] actual bit length 32 differs from formal bit length 1 for port 'wmemin' [C:/Users/behza/Desktop/cmpen331/Lab5/Lab5/Lab5.srcs/sources_1/new/system.v:82]
WARNING: [VRFC 10-3091] actual bit length 32 differs from formal bit length 4 for port 'alucin' [C:/Users/behza/Desktop/cmpen331/Lab5/Lab5/Lab5.srcs/sources_1/new/system.v:83]
WARNING: [VRFC 10-3091] actual bit length 32 differs from formal bit length 1 for port 'aluimmin' [C:/Users/behza/Desktop/cmpen331/Lab5/Lab5/Lab5.srcs/sources_1/new/system.v:84]
WARNING: [VRFC 10-3091] actual bit length 32 differs from formal bit length 5 for port 'muxresultin' [C:/Users/behza/Desktop/cmpen331/Lab5/Lab5/Lab5.srcs/sources_1/new/system.v:85]
WARNING: [VRFC 10-3091] actual bit length 32 differs from formal bit length 1 for port 'wregout' [C:/Users/behza/Desktop/cmpen331/Lab5/Lab5/Lab5.srcs/sources_1/new/system.v:89]
WARNING: [VRFC 10-3091] actual bit length 32 differs from formal bit length 1 for port 'm2regout' [C:/Users/behza/Desktop/cmpen331/Lab5/Lab5/Lab5.srcs/sources_1/new/system.v:90]
WARNING: [VRFC 10-3091] actual bit length 32 differs from formal bit length 1 for port 'wmemout' [C:/Users/behza/Desktop/cmpen331/Lab5/Lab5/Lab5.srcs/sources_1/new/system.v:91]
WARNING: [VRFC 10-3091] actual bit length 32 differs from formal bit length 1 for port 'aluimmout' [C:/Users/behza/Desktop/cmpen331/Lab5/Lab5/Lab5.srcs/sources_1/new/system.v:92]
WARNING: [VRFC 10-3091] actual bit length 32 differs from formal bit length 5 for port 'muxresultout' [C:/Users/behza/Desktop/cmpen331/Lab5/Lab5/Lab5.srcs/sources_1/new/system.v:97]
WARNING: [VRFC 10-3091] actual bit length 32 differs from formal bit length 5 for port 'rsout' [C:/Users/behza/Desktop/cmpen331/Lab5/Lab5/Lab5.srcs/sources_1/new/system.v:99]
WARNING: [VRFC 10-3091] actual bit length 32 differs from formal bit length 5 for port 'rtout' [C:/Users/behza/Desktop/cmpen331/Lab5/Lab5/Lab5.srcs/sources_1/new/system.v:100]
WARNING: [VRFC 10-3091] actual bit length 32 differs from formal bit length 5 for port 'rdout' [C:/Users/behza/Desktop/cmpen331/Lab5/Lab5/Lab5.srcs/sources_1/new/system.v:101]
WARNING: [VRFC 10-3091] actual bit length 32 differs from formal bit length 4 for port 'alucout' [C:/Users/behza/Desktop/cmpen331/Lab5/Lab5/Lab5.srcs/sources_1/new/system.v:102]
WARNING: [VRFC 10-3091] actual bit length 32 differs from formal bit length 1 for port 'aluimm_mux' [C:/Users/behza/Desktop/cmpen331/Lab5/Lab5/Lab5.srcs/sources_1/new/system.v:106]
WARNING: [VRFC 10-3091] actual bit length 32 differs from formal bit length 4 for port 'aluc' [C:/Users/behza/Desktop/cmpen331/Lab5/Lab5/Lab5.srcs/sources_1/new/system.v:113]
WARNING: [VRFC 10-3091] actual bit length 32 differs from formal bit length 1 for port 'ewreg' [C:/Users/behza/Desktop/cmpen331/Lab5/Lab5/Lab5.srcs/sources_1/new/system.v:121]
WARNING: [VRFC 10-3091] actual bit length 32 differs from formal bit length 1 for port 'em2reg' [C:/Users/behza/Desktop/cmpen331/Lab5/Lab5/Lab5.srcs/sources_1/new/system.v:122]
WARNING: [VRFC 10-3091] actual bit length 32 differs from formal bit length 1 for port 'ewmem' [C:/Users/behza/Desktop/cmpen331/Lab5/Lab5/Lab5.srcs/sources_1/new/system.v:123]
WARNING: [VRFC 10-3091] actual bit length 32 differs from formal bit length 5 for port 'emux1result' [C:/Users/behza/Desktop/cmpen331/Lab5/Lab5/Lab5.srcs/sources_1/new/system.v:125]
WARNING: [VRFC 10-3091] actual bit length 32 differs from formal bit length 1 for port 'mwreg' [C:/Users/behza/Desktop/cmpen331/Lab5/Lab5/Lab5.srcs/sources_1/new/system.v:130]
WARNING: [VRFC 10-3091] actual bit length 32 differs from formal bit length 1 for port 'mm2reg' [C:/Users/behza/Desktop/cmpen331/Lab5/Lab5/Lab5.srcs/sources_1/new/system.v:131]
WARNING: [VRFC 10-3091] actual bit length 32 differs from formal bit length 5 for port 'mmux1result' [C:/Users/behza/Desktop/cmpen331/Lab5/Lab5/Lab5.srcs/sources_1/new/system.v:132]
WARNING: [VRFC 10-3091] actual bit length 32 differs from formal bit length 5 for port 'rd' [C:/Users/behza/Desktop/cmpen331/Lab5/Lab5/Lab5.srcs/sources_1/new/system.v:134]
WARNING: [VRFC 10-3091] actual bit length 32 differs from formal bit length 5 for port 'mrd' [C:/Users/behza/Desktop/cmpen331/Lab5/Lab5/Lab5.srcs/sources_1/new/system.v:135]
WARNING: [VRFC 10-3091] actual bit length 32 differs from formal bit length 5 for port 'mmux1result2' [C:/Users/behza/Desktop/cmpen331/Lab5/Lab5/Lab5.srcs/sources_1/new/system.v:136]
WARNING: [VRFC 10-3091] actual bit length 32 differs from formal bit length 1 for port 'mwreg2' [C:/Users/behza/Desktop/cmpen331/Lab5/Lab5/Lab5.srcs/sources_1/new/system.v:137]
WARNING: [VRFC 10-3091] actual bit length 32 differs from formal bit length 1 for port 'mwreg' [C:/Users/behza/Desktop/cmpen331/Lab5/Lab5/Lab5.srcs/sources_1/new/system.v:152]
WARNING: [VRFC 10-3091] actual bit length 32 differs from formal bit length 1 for port 'mm2reg' [C:/Users/behza/Desktop/cmpen331/Lab5/Lab5/Lab5.srcs/sources_1/new/system.v:153]
WARNING: [VRFC 10-3091] actual bit length 32 differs from formal bit length 5 for port 'mmux1result' [C:/Users/behza/Desktop/cmpen331/Lab5/Lab5/Lab5.srcs/sources_1/new/system.v:154]
WARNING: [VRFC 10-3091] actual bit length 32 differs from formal bit length 1 for port 'wwreg' [C:/Users/behza/Desktop/cmpen331/Lab5/Lab5/Lab5.srcs/sources_1/new/system.v:157]
WARNING: [VRFC 10-3091] actual bit length 32 differs from formal bit length 1 for port 'wm2reg' [C:/Users/behza/Desktop/cmpen331/Lab5/Lab5/Lab5.srcs/sources_1/new/system.v:158]
WARNING: [VRFC 10-3091] actual bit length 32 differs from formal bit length 5 for port 'wmux1result' [C:/Users/behza/Desktop/cmpen331/Lab5/Lab5/Lab5.srcs/sources_1/new/system.v:159]
WARNING: [VRFC 10-3091] actual bit length 32 differs from formal bit length 5 for port 'mrd' [C:/Users/behza/Desktop/cmpen331/Lab5/Lab5/Lab5.srcs/sources_1/new/system.v:162]
WARNING: [VRFC 10-3091] actual bit length 32 differs from formal bit length 5 for port 'wmux1result2' [C:/Users/behza/Desktop/cmpen331/Lab5/Lab5/Lab5.srcs/sources_1/new/system.v:163]
WARNING: [VRFC 10-3091] actual bit length 32 differs from formal bit length 1 for port 'wwreg2' [C:/Users/behza/Desktop/cmpen331/Lab5/Lab5/Lab5.srcs/sources_1/new/system.v:164]
WARNING: [VRFC 10-3091] actual bit length 32 differs from formal bit length 1 for port 'wm2reg' [C:/Users/behza/Desktop/cmpen331/Lab5/Lab5/Lab5.srcs/sources_1/new/system.v:171]
WARNING: [VRFC 10-3091] actual bit length 32 differs from formal bit length 5 for port 'rs' [C:/Users/behza/Desktop/cmpen331/Lab5/Lab5/Lab5.srcs/sources_1/new/system.v:179]
WARNING: [VRFC 10-3091] actual bit length 32 differs from formal bit length 5 for port 'rt' [C:/Users/behza/Desktop/cmpen331/Lab5/Lab5/Lab5.srcs/sources_1/new/system.v:180]
WARNING: [VRFC 10-3091] actual bit length 32 differs from formal bit length 5 for port 'ex_rd' [C:/Users/behza/Desktop/cmpen331/Lab5/Lab5/Lab5.srcs/sources_1/new/system.v:181]
WARNING: [VRFC 10-3091] actual bit length 32 differs from formal bit length 5 for port 'wb_rd' [C:/Users/behza/Desktop/cmpen331/Lab5/Lab5/Lab5.srcs/sources_1/new/system.v:182]
WARNING: [VRFC 10-3091] actual bit length 32 differs from formal bit length 1 for port 'mwreg' [C:/Users/behza/Desktop/cmpen331/Lab5/Lab5/Lab5.srcs/sources_1/new/system.v:183]
WARNING: [VRFC 10-3091] actual bit length 32 differs from formal bit length 1 for port 'wwreg' [C:/Users/behza/Desktop/cmpen331/Lab5/Lab5/Lab5.srcs/sources_1/new/system.v:184]
WARNING: [VRFC 10-3091] actual bit length 32 differs from formal bit length 2 for port 'forwarda' [C:/Users/behza/Desktop/cmpen331/Lab5/Lab5/Lab5.srcs/sources_1/new/system.v:185]
WARNING: [VRFC 10-3091] actual bit length 32 differs from formal bit length 2 for port 'forwardb' [C:/Users/behza/Desktop/cmpen331/Lab5/Lab5/Lab5.srcs/sources_1/new/system.v:186]
WARNING: [VRFC 10-3091] actual bit length 32 differs from formal bit length 2 for port 'forwardA' [C:/Users/behza/Desktop/cmpen331/Lab5/Lab5/Lab5.srcs/sources_1/new/system.v:195]
WARNING: [VRFC 10-3091] actual bit length 32 differs from formal bit length 2 for port 'forwardB' [C:/Users/behza/Desktop/cmpen331/Lab5/Lab5/Lab5.srcs/sources_1/new/system.v:204]
WARNING: [VRFC 10-3705] select index 38 into 'data' is out of bounds [C:/Users/behza/Desktop/cmpen331/Lab5/Lab5/Lab5.srcs/sources_1/new/system.v:645]
WARNING: [VRFC 10-3705] select index 32 into 'data' is out of bounds [C:/Users/behza/Desktop/cmpen331/Lab5/Lab5/Lab5.srcs/sources_1/new/system.v:646]
WARNING: [VRFC 10-3705] select index 36 into 'data' is out of bounds [C:/Users/behza/Desktop/cmpen331/Lab5/Lab5/Lab5.srcs/sources_1/new/system.v:647]
Completed static elaboration
INFO: [XSIM 43-4323] No Change in HDL. Linking previously generated obj files to create kernel
